<?xml version="1.0" encoding="UTF-8"?>
<!-- Generated by org.testng.reporters.JUnitReportReporter -->
<testsuite hostname="LTIN198990" failures="0" tests="1" name="testCases.TC_002" time="28.964" errors="0" timestamp="2024-02-16T15:11:32 IST" skipped="0">
  <testcase classname="testCases.TC_002" name="VerifyFindCoursesPage" time="28.964"/>
</testsuite> <!-- testCases.TC_002 -->
