<?xml version="1.0" encoding="UTF-8"?>
<!-- Generated by org.testng.reporters.JUnitReportReporter -->
<testsuite hostname="LTIN198990" failures="0" tests="1" name="testCases.TC_004" time="101.057" errors="0" timestamp="2024-02-16T15:11:32 IST" skipped="0">
  <testcase classname="testCases.TC_004" name="fillFormWithInvalidInput" time="101.057"/>
</testsuite> <!-- testCases.TC_004 -->
