<?xml version="1.0" encoding="UTF-8"?>
<!-- Generated by org.testng.reporters.JUnitReportReporter -->
<testsuite hostname="LTIN198990" failures="0" tests="1" name="testCases.TC_001" time="4.077" errors="0" timestamp="2024-02-16T15:11:32 IST" skipped="0">
  <testcase classname="testCases.TC_001" name="Verify_CourseraPage" time="4.077"/>
</testsuite> <!-- testCases.TC_001 -->
