<?xml version="1.0" encoding="UTF-8"?>
<!-- Generated by org.testng.reporters.JUnitReportReporter -->
<testsuite hostname="LTIN198990" failures="0" tests="1" name="testCases.TC_003" time="244.140" errors="0" timestamp="2024-02-16T15:11:32 IST" skipped="0">
  <testcase classname="testCases.TC_003" name="AllCourses" time="244.140"/>
</testsuite> <!-- testCases.TC_003 -->
