<?xml version="1.0" encoding="UTF-8"?>
<!-- Generated by org.testng.reporters.JUnitReportReporter -->
<testsuite hostname="LTIN192022" failures="0" tests="1" name="testCases.TC_004" time="39.400" errors="0" timestamp="2024-02-07T10:00:37 IST" skipped="0">
  <testcase classname="testCases.TC_004" name="fillFormWithInvalidInput" time="39.400"/>
</testsuite> <!-- testCases.TC_004 -->
